2017-12-30 20:25:04 [scrapy.utils.log] INFO: Scrapy 1.4.0 started (bot: imgspider)
2017-12-30 20:25:04 [scrapy.utils.log] INFO: Overridden settings: {'BOT_NAME': 'imgspider', 'COOKIES_ENABLED': False, 'DOWNLOAD_DELAY': 0.5, 'LOG_FILE': 'a.log', 'NEWSPIDER_MODULE': 'imgspider.spiders', 'ROBOTSTXT_OBEY': True, 'SPIDER_MODULES': ['imgspider.spiders']}
2017-12-30 20:25:04 [scrapy.middleware] INFO: Enabled extensions:
['scrapy.extensions.corestats.CoreStats',
 'scrapy.extensions.telnet.TelnetConsole',
 'scrapy.extensions.logstats.LogStats']
2017-12-30 20:25:05 [scrapy.middleware] INFO: Enabled downloader middlewares:
['scrapy.downloadermiddlewares.robotstxt.RobotsTxtMiddleware',
 'scrapy.downloadermiddlewares.httpauth.HttpAuthMiddleware',
 'scrapy.downloadermiddlewares.downloadtimeout.DownloadTimeoutMiddleware',
 'scrapy.downloadermiddlewares.defaultheaders.DefaultHeadersMiddleware',
 'scrapy.downloadermiddlewares.useragent.UserAgentMiddleware',
 'imgspider.middlewares.MyCustomDownloaderMiddleware',
 'scrapy.downloadermiddlewares.retry.RetryMiddleware',
 'scrapy.downloadermiddlewares.redirect.MetaRefreshMiddleware',
 'scrapy.downloadermiddlewares.httpcompression.HttpCompressionMiddleware',
 'scrapy.downloadermiddlewares.redirect.RedirectMiddleware',
 'scrapy.downloadermiddlewares.httpproxy.HttpProxyMiddleware',
 'scrapy.downloadermiddlewares.stats.DownloaderStats']
2017-12-30 20:25:05 [scrapy.middleware] INFO: Enabled spider middlewares:
['scrapy.spidermiddlewares.httperror.HttpErrorMiddleware',
 'scrapy.spidermiddlewares.offsite.OffsiteMiddleware',
 'scrapy.spidermiddlewares.referer.RefererMiddleware',
 'scrapy.spidermiddlewares.urllength.UrlLengthMiddleware',
 'scrapy.spidermiddlewares.depth.DepthMiddleware']
2017-12-30 20:25:05 [scrapy.middleware] INFO: Enabled item pipelines:
['imgspider.pipelines.ImgspiderPipeline']
2017-12-30 20:25:05 [scrapy.core.engine] INFO: Spider opened
2017-12-30 20:25:05 [scrapy.extensions.logstats] INFO: Crawled 0 pages (at 0 pages/min), scraped 0 items (at 0 items/min)
2017-12-30 20:25:05 [scrapy.extensions.telnet] DEBUG: Telnet console listening on 127.0.0.1:6023
2017-12-30 20:25:14 [scrapy.crawler] INFO: Received SIGINT, shutting down gracefully. Send again to force 
2017-12-30 20:25:14 [scrapy.core.engine] INFO: Closing spider (shutdown)
2017-12-30 20:25:15 [scrapy.core.engine] DEBUG: Crawled (200) <GET http://www.enrz.com/robots.txt> (referer: None)
2017-12-30 20:25:25 [scrapy.core.engine] DEBUG: Crawled (200) <GET http://www.enrz.com/beauty/cover-girl> (referer: None)
2017-12-30 20:25:25 [scrapy.statscollectors] INFO: Dumping Scrapy stats:
{'downloader/request_bytes': 447,
 'downloader/request_count': 2,
 'downloader/request_method_count/GET': 2,
 'downloader/response_bytes': 52033,
 'downloader/response_count': 2,
 'downloader/response_status_count/200': 2,
 'finish_reason': 'shutdown',
 'finish_time': datetime.datetime(2017, 12, 30, 12, 25, 25, 506448),
 'log_count/DEBUG': 3,
 'log_count/INFO': 8,
 'request_depth_max': 1,
 'response_received_count': 2,
 'scheduler/dequeued': 1,
 'scheduler/dequeued/memory': 1,
 'scheduler/enqueued': 22,
 'scheduler/enqueued/memory': 22,
 'start_time': datetime.datetime(2017, 12, 30, 12, 25, 5, 495807)}
2017-12-30 20:25:25 [scrapy.core.engine] INFO: Spider closed (shutdown)
2017-12-30 20:26:57 [scrapy.utils.log] INFO: Scrapy 1.4.0 started (bot: imgspider)
2017-12-30 20:26:57 [scrapy.utils.log] INFO: Overridden settings: {'BOT_NAME': 'imgspider', 'COOKIES_ENABLED': False, 'DOWNLOAD_DELAY': 0.5, 'LOG_FILE': 'a.log', 'NEWSPIDER_MODULE': 'imgspider.spiders', 'ROBOTSTXT_OBEY': True, 'SPIDER_MODULES': ['imgspider.spiders']}
2017-12-30 20:26:57 [scrapy.middleware] INFO: Enabled extensions:
['scrapy.extensions.corestats.CoreStats',
 'scrapy.extensions.telnet.TelnetConsole',
 'scrapy.extensions.logstats.LogStats']
2017-12-30 20:26:57 [scrapy.middleware] INFO: Enabled downloader middlewares:
['scrapy.downloadermiddlewares.robotstxt.RobotsTxtMiddleware',
 'scrapy.downloadermiddlewares.httpauth.HttpAuthMiddleware',
 'scrapy.downloadermiddlewares.downloadtimeout.DownloadTimeoutMiddleware',
 'scrapy.downloadermiddlewares.defaultheaders.DefaultHeadersMiddleware',
 'scrapy.downloadermiddlewares.useragent.UserAgentMiddleware',
 'imgspider.middlewares.MyCustomDownloaderMiddleware',
 'scrapy.downloadermiddlewares.retry.RetryMiddleware',
 'scrapy.downloadermiddlewares.redirect.MetaRefreshMiddleware',
 'scrapy.downloadermiddlewares.httpcompression.HttpCompressionMiddleware',
 'scrapy.downloadermiddlewares.redirect.RedirectMiddleware',
 'scrapy.downloadermiddlewares.httpproxy.HttpProxyMiddleware',
 'scrapy.downloadermiddlewares.stats.DownloaderStats']
2017-12-30 20:26:57 [scrapy.middleware] INFO: Enabled spider middlewares:
['scrapy.spidermiddlewares.httperror.HttpErrorMiddleware',
 'scrapy.spidermiddlewares.offsite.OffsiteMiddleware',
 'scrapy.spidermiddlewares.referer.RefererMiddleware',
 'scrapy.spidermiddlewares.urllength.UrlLengthMiddleware',
 'scrapy.spidermiddlewares.depth.DepthMiddleware']
2017-12-30 20:26:57 [scrapy.middleware] INFO: Enabled item pipelines:
['imgspider.pipelines.ImgspiderPipeline']
2017-12-30 20:26:57 [scrapy.core.engine] INFO: Spider opened
2017-12-30 20:26:57 [scrapy.extensions.logstats] INFO: Crawled 0 pages (at 0 pages/min), scraped 0 items (at 0 items/min)
2017-12-30 20:26:57 [scrapy.extensions.telnet] DEBUG: Telnet console listening on 127.0.0.1:6023
2017-12-30 20:27:07 [scrapy.core.engine] DEBUG: Crawled (200) <GET http://www.enrz.com/robots.txt> (referer: None)
2017-12-30 20:27:17 [scrapy.core.engine] DEBUG: Crawled (200) <GET http://www.enrz.com/beauty/cover-girl> (referer: None)
2017-12-30 20:27:28 [scrapy.core.engine] DEBUG: Crawled (200) <GET http://enrz.com/robots.txt> (referer: None)
